{"level":"info","time":"2024-09-14T10:17:37Z","caller":"/usr/local/go/src/runtime/asm_arm64.s:1197","message":"сервер прослушивает адрес: :8081\n"}
{"level":"fatal","time":"2024-09-16T10:30:15+03:00","caller":"/opt/homebrew/opt/go/libexec/src/runtime/asm_arm64.s:1222","message":"пинг БД: failed to connect to `host=db user=postgres database=postgres`: hostname resolving error (lookup db: no such host)"}
{"level":"fatal","time":"2024-09-16T10:30:44+03:00","caller":"/opt/homebrew/opt/go/libexec/src/runtime/asm_arm64.s:1222","message":"пинг БД: failed to connect to `host=db user=postgres database=postgres`: hostname resolving error (lookup db: no such host)"}
{"level":"fatal","time":"2024-09-16T10:30:54+03:00","caller":"/opt/homebrew/opt/go/libexec/src/runtime/asm_arm64.s:1222","message":"пинг БД: failed to connect to `host=db user=postgres database=postgres`: hostname resolving error (lookup db: no such host)"}
{"level":"fatal","time":"2024-09-16T10:31:22+03:00","caller":"/opt/homebrew/opt/go/libexec/src/runtime/asm_arm64.s:1222","message":"пинг БД: failed to connect to `host=db user=postgres database=postgres`: hostname resolving error (lookup db: no such host)"}
{"level":"fatal","time":"2024-09-18T15:09:48+03:00","caller":"/opt/homebrew/opt/go/libexec/src/runtime/asm_arm64.s:1222","message":"пинг БД: failed to connect to `host=db user=postgres database=postgres`: hostname resolving error (lookup db: no such host)"}
{"level":"fatal","time":"2024-09-18T15:10:10+03:00","caller":"/opt/homebrew/opt/go/libexec/src/runtime/asm_arm64.s:1222","message":"пинг БД: failed to connect to `host=db user=postgres database=postgres`: hostname resolving error (lookup db: no such host)"}
{"level":"fatal","time":"2024-09-18T15:10:25+03:00","caller":"/opt/homebrew/opt/go/libexec/src/runtime/asm_arm64.s:1222","message":"пинг БД: failed to connect to `host=db user=postgres database=postgres`: hostname resolving error (lookup db: no such host)"}
{"level":"fatal","time":"2024-09-18T15:11:26+03:00","caller":"/opt/homebrew/opt/go/libexec/src/runtime/asm_arm64.s:1222","message":"пинг БД: failed to connect to `host=db user=postgres database=postgres`: hostname resolving error (lookup db: no such host)"}
{"level":"fatal","time":"2024-09-21T10:16:52+03:00","caller":"/opt/homebrew/opt/go/libexec/src/runtime/asm_arm64.s:1222","message":"пинг БД: failed to connect to `host=db user=postgres database=postgres`: hostname resolving error (lookup db: no such host)"}
{"level":"fatal","time":"2024-09-21T10:17:35+03:00","caller":"/opt/homebrew/opt/go/libexec/src/runtime/asm_arm64.s:1222","message":"пинг БД: failed to connect to `host=db user=postgres database=postgres`: hostname resolving error (lookup db: no such host)"}
{"level":"fatal","time":"2024-09-21T10:18:01+03:00","caller":"/opt/homebrew/opt/go/libexec/src/runtime/asm_arm64.s:1222","message":"пинг БД: failed to connect to `host=db user=postgres database=postgres`: hostname resolving error (lookup db: no such host)"}
{"level":"fatal","time":"2024-09-21T10:18:24+03:00","caller":"/opt/homebrew/opt/go/libexec/src/runtime/asm_arm64.s:1222","message":"пинг БД: failed to connect to `host=db user=postgres database=postgres`: hostname resolving error (lookup db: no such host)"}
{"level":"fatal","time":"2024-09-21T10:19:28+03:00","caller":"/opt/homebrew/opt/go/libexec/src/runtime/asm_arm64.s:1222","message":"пинг БД: failed to connect to `host=db user=postgres database=postgres`: hostname resolving error (lookup db: no such host)"}
{"level":"fatal","time":"2024-09-21T10:20:26+03:00","caller":"/opt/homebrew/opt/go/libexec/src/runtime/asm_arm64.s:1222","message":"пинг БД: failed to connect to `host=db user=postgres database=postgres`: hostname resolving error (lookup db: no such host)"}
{"level":"fatal","time":"2024-09-21T10:20:54+03:00","caller":"/opt/homebrew/opt/go/libexec/src/runtime/asm_arm64.s:1222","message":"пинг БД: failed to connect to `host=localhost user=postgres database=postgres`: dial error (dial tcp 127.0.0.1:5432: connect: connection refused)"}
{"level":"info","time":"2024-09-21T10:21:02+03:00","caller":"/opt/homebrew/opt/go/libexec/src/runtime/asm_arm64.s:1222","message":"сервер прослушивает адрес: :8081\n"}
{"level":"info","time":"2024-09-21T10:21:50+03:00","caller":"/opt/homebrew/opt/go/libexec/src/runtime/asm_arm64.s:1222","message":"сервер прослушивает адрес: :8081\n"}
{"level":"info","time":"2024-09-21T10:26:19+03:00","caller":"/opt/homebrew/opt/go/libexec/src/runtime/asm_arm64.s:1222","message":"сервер прослушивает адрес: :8081\n"}
{"level":"fatal","time":"2024-09-23T10:11:25+03:00","caller":"/opt/homebrew/opt/go/libexec/src/runtime/asm_arm64.s:1222","message":"пинг БД: failed to connect to `host=db user=postgres database=postgres`: hostname resolving error (lookup db: no such host)"}
{"level":"fatal","time":"2024-09-23T10:11:47+03:00","caller":"/opt/homebrew/opt/go/libexec/src/runtime/asm_arm64.s:1222","message":"пинг БД: failed to connect to `host=db user=postgres database=postgres`: hostname resolving error (lookup db: no such host)"}
{"level":"fatal","time":"2024-09-23T10:12:38+03:00","caller":"/opt/homebrew/opt/go/libexec/src/runtime/asm_arm64.s:1222","message":"пинг БД: failed to connect to `host=db user=postgres database=postgres`: hostname resolving error (lookup db: no such host)"}
{"level":"fatal","time":"2024-09-23T10:12:51+03:00","caller":"/opt/homebrew/opt/go/libexec/src/runtime/asm_arm64.s:1222","message":"пинг БД: failed to connect to `host=db user=postgres database=postgres`: hostname resolving error (lookup db: no such host)"}
{"level":"fatal","time":"2024-09-23T10:13:15+03:00","caller":"/opt/homebrew/opt/go/libexec/src/runtime/asm_arm64.s:1222","message":"пинг БД: failed to connect to `host=db user=postgres database=postgres`: hostname resolving error (lookup db: no such host)"}
{"level":"fatal","time":"2024-09-23T10:13:30+03:00","caller":"/opt/homebrew/opt/go/libexec/src/runtime/asm_arm64.s:1222","message":"пинг БД: failed to connect to `host=db user=postgres database=postgres`: hostname resolving error (lookup db: no such host)"}
{"level":"fatal","time":"2024-09-24T21:34:05Z","caller":"/usr/local/go/src/runtime/asm_arm64.s:1197","message":"пинг БД: failed to connect to `host=db user=postgres database=postgres`: dial error (dial tcp 192.168.207.2:5432: connect: connection refused)"}
{"level":"fatal","time":"2024-10-01T22:37:00+03:00","caller":"/opt/homebrew/opt/go/libexec/src/runtime/asm_arm64.s:1222","message":"пинг БД: failed to connect to `user=postgres database=postgres`:\n\thostname resolving error: lookup db: no such host\n\tlookup db: no such host"}
{"level":"fatal","time":"2024-10-01T22:37:34+03:00","caller":"/opt/homebrew/opt/go/libexec/src/runtime/asm_arm64.s:1222","message":"пинг БД: failed to connect to `user=postgres database=postgres`:\n\thostname resolving error: lookup db: no such host\n\tlookup db: no such host"}
{"level":"info","time":"2024-10-01T22:38:08+03:00","caller":"/opt/homebrew/opt/go/libexec/src/runtime/asm_arm64.s:1222","message":"сервер прослушивает адрес: :8081\n"}
{"level":"info","time":"2024-10-13T14:35:52+03:00","caller":"/opt/homebrew/opt/go/libexec/src/runtime/asm_arm64.s:1222","message":"сервер прослушивает адрес: :8081\n"}
